<?xml version="1.0" encoding="UTF-8" ?>
<testsuite tests="15" failures="0" name="net.onrc.openvirtex.api.service.handlers.tenant.PassingAPITest" time="0.757" errors="0" skipped="0">
  <properties>
    <property name="java.runtime.name" value="Java(TM) SE Runtime Environment"/>
    <property name="sun.boot.library.path" value="/Library/Java/JavaVirtualMachines/jdk1.8.0_31.jdk/Contents/Home/jre/lib"/>
    <property name="java.vm.version" value="25.31-b07"/>
    <property name="user.country.format" value="KR"/>
    <property name="gopherProxySet" value="false"/>
    <property name="java.vm.vendor" value="Oracle Corporation"/>
    <property name="maven.multiModuleProjectDirectory" value="/Users/yeol/GitHub/ovxforl2"/>
    <property name="java.vendor.url" value="http://java.oracle.com/"/>
    <property name="path.separator" value=":"/>
    <property name="guice.disable.misplaced.annotation.check" value="true"/>
    <property name="java.vm.name" value="Java HotSpot(TM) 64-Bit Server VM"/>
    <property name="file.encoding.pkg" value="sun.io"/>
    <property name="user.country" value="US"/>
    <property name="sun.java.launcher" value="SUN_STANDARD"/>
    <property name="sun.os.patch.level" value="unknown"/>
    <property name="java.vm.specification.name" value="Java Virtual Machine Specification"/>
    <property name="user.dir" value="/Users/yeol/GitHub/ovxforl2"/>
    <property name="java.runtime.version" value="1.8.0_31-b13"/>
    <property name="java.awt.graphicsenv" value="sun.awt.CGraphicsEnvironment"/>
    <property name="java.endorsed.dirs" value="/Library/Java/JavaVirtualMachines/jdk1.8.0_31.jdk/Contents/Home/jre/lib/endorsed"/>
    <property name="os.arch" value="x86_64"/>
    <property name="java.io.tmpdir" value="/var/folders/9f/4jknrsnn5_j4rqmfh_xg4v_m0000gn/T/"/>
    <property name="line.separator" value="
"/>
    <property name="java.vm.specification.vendor" value="Oracle Corporation"/>
    <property name="os.name" value="Mac OS X"/>
    <property name="classworlds.conf" value="/Users/yeol/Documents/workspace/.metadata/.plugins/org.eclipse.m2e.launching/launches/m2conf2221528017715802211.tmp"/>
    <property name="sun.jnu.encoding" value="UTF-8"/>
    <property name="java.library.path" value="/Users/yeol/Library/Java/Extensions:/Library/Java/Extensions:/Network/Library/Java/Extensions:/System/Library/Java/Extensions:/usr/lib/java:."/>
    <property name="java.specification.name" value="Java Platform API Specification"/>
    <property name="java.class.version" value="52.0"/>
    <property name="sun.management.compiler" value="HotSpot 64-Bit Tiered Compilers"/>
    <property name="os.version" value="10.11.4"/>
    <property name="http.nonProxyHosts" value="local|*.local|169.254/16|*.169.254/16"/>
    <property name="user.home" value="/Users/yeol"/>
    <property name="user.timezone" value="Asia/Seoul"/>
    <property name="java.awt.printerjob" value="sun.lwawt.macosx.CPrinterJob"/>
    <property name="java.specification.version" value="1.8"/>
    <property name="file.encoding" value="UTF-8"/>
    <property name="user.name" value="yeol"/>
    <property name="java.class.path" value="/Users/yeol/eclipse/java-mars/Eclipse.app/Contents/MacOS/../../../../../.p2/pool/plugins/org.eclipse.m2e.maven.runtime_1.6.2.20150902-0001/jars/plexus-classworlds-2.5.2.jar"/>
    <property name="java.vm.specification.version" value="1.8"/>
    <property name="sun.arch.data.model" value="64"/>
    <property name="java.home" value="/Library/Java/JavaVirtualMachines/jdk1.8.0_31.jdk/Contents/Home/jre"/>
    <property name="sun.java.command" value="org.codehaus.plexus.classworlds.launcher.Launcher -B install"/>
    <property name="java.specification.vendor" value="Oracle Corporation"/>
    <property name="user.language" value="en"/>
    <property name="awt.toolkit" value="sun.lwawt.macosx.LWCToolkit"/>
    <property name="java.vm.info" value="mixed mode"/>
    <property name="java.version" value="1.8.0_31"/>
    <property name="java.ext.dirs" value="/Users/yeol/Library/Java/Extensions:/Library/Java/JavaVirtualMachines/jdk1.8.0_31.jdk/Contents/Home/jre/lib/ext:/Library/Java/Extensions:/Network/Library/Java/Extensions:/System/Library/Java/Extensions:/usr/lib/java"/>
    <property name="sun.boot.class.path" value="/Library/Java/JavaVirtualMachines/jdk1.8.0_31.jdk/Contents/Home/jre/lib/resources.jar:/Library/Java/JavaVirtualMachines/jdk1.8.0_31.jdk/Contents/Home/jre/lib/rt.jar:/Library/Java/JavaVirtualMachines/jdk1.8.0_31.jdk/Contents/Home/jre/lib/sunrsasign.jar:/Library/Java/JavaVirtualMachines/jdk1.8.0_31.jdk/Contents/Home/jre/lib/jsse.jar:/Library/Java/JavaVirtualMachines/jdk1.8.0_31.jdk/Contents/Home/jre/lib/jce.jar:/Library/Java/JavaVirtualMachines/jdk1.8.0_31.jdk/Contents/Home/jre/lib/charsets.jar:/Library/Java/JavaVirtualMachines/jdk1.8.0_31.jdk/Contents/Home/jre/lib/jfr.jar:/Library/Java/JavaVirtualMachines/jdk1.8.0_31.jdk/Contents/Home/jre/classes"/>
    <property name="java.vendor" value="Oracle Corporation"/>
    <property name="maven.home" value="/Users/yeol/GitHub/ovxforl2/EMBEDDED"/>
    <property name="file.separator" value="/"/>
    <property name="java.vendor.url.bug" value="http://bugreport.sun.com/bugreport/"/>
    <property name="sun.cpu.endian" value="little"/>
    <property name="sun.io.unicode.encoding" value="UnicodeBig"/>
    <property name="socksNonProxyHosts" value="local|*.local|169.254/16|*.169.254/16"/>
    <property name="ftp.nonProxyHosts" value="local|*.local|169.254/16|*.169.254/16"/>
    <property name="sun.cpu.isalist" value=""/>
  </properties>
  <testcase classname="net.onrc.openvirtex.api.service.handlers.tenant.PassingAPITest" name="testCreateNetPass" time="0.142"/>
  <testcase classname="net.onrc.openvirtex.api.service.handlers.tenant.PassingAPITest" name="testCreateSingleSwitch" time="0.185"/>
  <testcase classname="net.onrc.openvirtex.api.service.handlers.tenant.PassingAPITest" name="testCreateBigSwitch" time="0.018"/>
  <testcase classname="net.onrc.openvirtex.api.service.handlers.tenant.PassingAPITest" name="testCreatePort" time="0.103"/>
  <testcase classname="net.onrc.openvirtex.api.service.handlers.tenant.PassingAPITest" name="testConnectHost" time="0.037"/>
  <testcase classname="net.onrc.openvirtex.api.service.handlers.tenant.PassingAPITest" name="testConnectLink" time="0.044"/>
  <testcase classname="net.onrc.openvirtex.api.service.handlers.tenant.PassingAPITest" name="testConnectRoutePass" time="0.035"/>
  <testcase classname="net.onrc.openvirtex.api.service.handlers.tenant.PassingAPITest" name="testRemoveNetPass" time="0.084"/>
  <testcase classname="net.onrc.openvirtex.api.service.handlers.tenant.PassingAPITest" name="testRemoveSwitchPass" time="0.029"/>
  <testcase classname="net.onrc.openvirtex.api.service.handlers.tenant.PassingAPITest" name="testRemovePortPass" time="0.031"/>
  <testcase classname="net.onrc.openvirtex.api.service.handlers.tenant.PassingAPITest" name="testDisconnectLinkPass" time="0.024"/>
  <testcase classname="net.onrc.openvirtex.api.service.handlers.tenant.PassingAPITest" name="testDisconnectHostPass" time="0.008"/>
  <testcase classname="net.onrc.openvirtex.api.service.handlers.tenant.PassingAPITest" name="testDisconnectRoutePass" time="0.009"/>
  <testcase classname="net.onrc.openvirtex.api.service.handlers.tenant.PassingAPITest" name="testStopNetPass" time="0.008"/>
  <testcase classname="net.onrc.openvirtex.api.service.handlers.tenant.PassingAPITest" name="testPassing" time="0"/>
</testsuite>